::1 - - [09/Aug/2019:19:40:58 +0000] "GET / HTTP/1.1" 200 392
::1 - - [09/Aug/2019:19:40:58 +0000] "GET /bundle.js HTTP/1.1" 200 4138502
::1 - - [09/Aug/2019:19:40:59 +0000] "GET /favicon.ico HTTP/1.1" 404 150
::1 - - [09/Aug/2019:19:41:09 +0000] "GET /checkout HTTP/1.1" 200 20693
::1 - - [09/Aug/2019:19:41:11 +0000] "GET /checkout HTTP/1.1" 304 -
::1 - - [09/Aug/2019:19:41:12 +0000] "GET /checkout HTTP/1.1" 304 -
::1 - - [09/Aug/2019:19:41:13 +0000] "GET /checkout HTTP/1.1" 304 -
::1 - - [09/Aug/2019:19:45:19 +0000] "GET /checkout HTTP/1.1" 304 -
::1 - - [09/Aug/2019:19:45:23 +0000] "GET /checkout HTTP/1.1" 304 -
::1 - - [09/Aug/2019:19:45:31 +0000] "GET /checkout HTTP/1.1" 304 -
::1 - - [09/Aug/2019:19:45:31 +0000] "GET /checkout HTTP/1.1" 304 -
::1 - - [09/Aug/2019:19:45:32 +0000] "GET /checkout HTTP/1.1" 304 -
::1 - - [10/Aug/2019:16:18:33 +0000] "GET / HTTP/1.1" 304 -
::1 - - [10/Aug/2019:16:18:34 +0000] "GET /bundle.js HTTP/1.1" 200 4138502
::1 - - [10/Aug/2019:16:18:43 +0000] "GET /checkout HTTP/1.1" 304 -
::1 - - [10/Aug/2019:16:18:47 +0000] "POST / HTTP/1.1" 200 -
::1 - - [10/Aug/2019:16:29:41 +0000] "GET /checkout HTTP/1.1" 200 20779
::1 - - [10/Aug/2019:16:29:45 +0000] "GET /checkout HTTP/1.1" 304 -
::1 - - [10/Aug/2019:16:29:47 +0000] "POST / HTTP/1.1" 200 -
::1 - - [10/Aug/2019:16:29:49 +0000] "GET /checkout HTTP/1.1" 200 20865
::1 - - [10/Aug/2019:16:29:56 +0000] "GET /checkout HTTP/1.1" 304 -
::1 - - [10/Aug/2019:20:02:37 +0000] "GET /checkout HTTP/1.1" 200 20173
::1 - - [10/Aug/2019:20:02:59 +0000] "GET /checkout HTTP/1.1" 304 -
::1 - - [10/Aug/2019:20:03:26 +0000] "GET /checkout HTTP/1.1" 304 -
::1 - - [10/Aug/2019:20:03:31 +0000] "GET /checkout HTTP/1.1" 304 -
::1 - - [10/Aug/2019:20:03:40 +0000] "GET /checkout HTTP/1.1" 304 -
::1 - - [10/Aug/2019:20:03:42 +0000] "GET /checkout HTTP/1.1" 304 -
::1 - - [10/Aug/2019:20:04:14 +0000] "GET /checkout HTTP/1.1" 304 -
::1 - - [10/Aug/2019:20:04:15 +0000] "GET /checkout HTTP/1.1" 304 -
::1 - - [10/Aug/2019:20:10:01 +0000] "GET /checkout HTTP/1.1" 304 -
::1 - - [10/Aug/2019:20:12:03 +0000] "POST / HTTP/1.1" 200 -
::1 - - [10/Aug/2019:20:12:18 +0000] "GET /checkout HTTP/1.1" 200 20259
::1 - - [10/Aug/2019:20:12:21 +0000] "GET /checkout HTTP/1.1" 304 -
::1 - - [10/Aug/2019:20:18:33 +0000] "GET / HTTP/1.1" 200 392
::1 - - [10/Aug/2019:20:18:33 +0000] "GET /bundle.js HTTP/1.1" 200 4138606
::1 - - [10/Aug/2019:20:18:38 +0000] "GET /checkout HTTP/1.1" 304 -
::1 - - [10/Aug/2019:20:18:44 +0000] "POST / HTTP/1.1" 200 -
::1 - - [10/Aug/2019:20:19:34 +0000] "GET / HTTP/1.1" 200 392
::1 - - [10/Aug/2019:20:19:35 +0000] "GET /bundle.js HTTP/1.1" 200 4138502
::1 - - [10/Aug/2019:20:19:38 +0000] "GET /checkout HTTP/1.1" 200 20345
::1 - - [10/Aug/2019:20:19:41 +0000] "POST / HTTP/1.1" 200 -
